<?xml version="1.0" encoding="UTF-8"?>
<!-- Generated by org.testng.reporters.JUnitReportReporter -->
<testsuite hostname="ATMECSINLT-083" failures="0" tests="2" name="automationjar.testscripts.GoogleSearch" time="13.326" errors="0" timestamp="28 Aug 2019 12:52:45 GMT" skipped="0">
  <testcase classname="automationjar.testscripts.GoogleSearch" name="setup" time="13.011"/>
  <testcase classname="automationjar.testscripts.GoogleSearch" name="SearchKeyWord" time="0.315"/>
</testsuite> <!-- automationjar.testscripts.GoogleSearch -->
