<?xml version="1.0" encoding="UTF-8"?>
<!-- Generated by org.testng.reporters.JUnitReportReporter -->
<testsuite hostname="ATMECSINLT-083" failures="0" tests="2" name="automationjar.testscripts.GoogleSearch" time="13.718" errors="0" timestamp="28 Aug 2019 12:53:24 GMT" skipped="0">
  <testcase classname="automationjar.testscripts.GoogleSearch" name="setup" time="13.388"/>
  <testcase classname="automationjar.testscripts.GoogleSearch" name="SearchKeyWord" time="0.330"/>
</testsuite> <!-- automationjar.testscripts.GoogleSearch -->
